15:17:54.517 INFO [GridLauncherV3.parse] - Selenium server version: 3.141.59, revision: e82be7d358
15:17:54.623 INFO [GridLauncherV3.lambda$buildLaunchers$3] - Launching a standalone Selenium Server on port 4445
2019-05-01 15:17:54.685:INFO::main: Logging initialized @465ms to org.seleniumhq.jetty9.util.log.StdErrLog
15:17:54.962 INFO [WebDriverServlet.<init>] - Initialising WebDriverServlet
15:17:55.092 INFO [SeleniumServer.boot] - Selenium Server is up and running on port 4445
15:17:55.437 INFO [ActiveSessionFactory.apply] - Capabilities are: {
  "acceptSslCerts": true,
  "browserName": "chrome",
  "chromeOptions": {
    "args": [
      "--proxy-server=http:\u002f\u002f127.0.0.1:8090",
      "--no-sandbox"
    ]
  },
  "javascriptEnabled": true,
  "marionette": true,
  "name": "Login",
  "webdriver": {
    "server_path": "\u002fUsers\u002fsharath\u002fDocuments\u002fGitHub\u002fdevsecops-labs\u002fnightwatch\u002fnode_modules\u002fchromedriver\u002flib\u002fchromedriver\u002fchromedriver"
  }
}
15:17:55.439 INFO [ActiveSessionFactory.lambda$apply$11] - Matched factory org.openqa.selenium.grid.session.remote.ServicedSession$Factory (provider: org.openqa.selenium.chrome.ChromeDriverService)
Starting ChromeDriver 74.0.3729.6 (255758eccf3d244491b8a1317aa76e1ce10d57e9-refs/branch-heads/3729@{#29}) on port 3684
Only local connections are allowed.
Please protect ports used by ChromeDriver and related test frameworks to prevent access by malicious code.
15:17:57.445 INFO [ProtocolHandshake.createSession] - Detected dialect: OSS
15:17:57.902 INFO [RemoteSession$Factory.lambda$performHandshake$0] - Started new session 8df2d9cda81090c5fa4982d3aff74f8b (org.openqa.selenium.chrome.ChromeDriverService)
15:18:02.550 INFO [ActiveSessions$1.onStop] - Removing session 8df2d9cda81090c5fa4982d3aff74f8b (org.openqa.selenium.chrome.ChromeDriverService)
